<?xml version="1.0" encoding="UTF-8"?>
<!-- Generated by org.testng.reporters.JUnitReportReporter -->
<testsuite hostname="DESKTOP-7AR9Q09" failures="0" tests="1" name="selenium.testng.maven.FirstTest" time="68.859" errors="0" timestamp="2022-05-05T11:48:56 IST" skipped="0">
  <testcase classname="selenium.testng.maven.FirstTest" name="CartTest" time="68.859"/>
  <system-out/>
</testsuite> <!-- selenium.testng.maven.FirstTest -->
